
> temp-app@0.1.0 build
> next build

ฮ“รปโ–“ Next.js 16.1.6 (Turbopack)

  Creating an optimized production build ...
ฮ“ยฃรด Compiled successfully in 6.8s
  Running TypeScript ...
  Collecting page data using 19 workers ...
  Generating static pages using 19 workers (0/10) ...
  Generating static pages using 19 workers (2/10) 
  Generating static pages using 19 workers (4/10) 
  Generating static pages using 19 workers (7/10) 
ฮ“ยฃรด Generating static pages using 19 workers (10/10) in 682.9ms
  Finalizing page optimization ...

Route (app)
ฮ“รถรฎ ฮ“รนรฏ /
ฮ“รถยฃ ฮ“รนรฏ /_not-found
ฮ“รถยฃ ฮ“รนรฏ /analytics
ฮ“รถยฃ ฮ“รนรฏ /chat
ฮ“รถยฃ ฮ“รนรฏ /files
ฮ“รถยฃ ฮ“รนรฏ /predictions
ฮ“รถยฃ ฮ“รนรฏ /settings
ฮ“รถรถ ฮ“รนรฏ /share


ฮ“รนรฏ  (Static)  prerendered as static content

